I, [2023-06-26T20:06:38.213006 #8713]  INFO -- : Registered expected interaction POST /api/v1/stocks/availability
D, [2023-06-26T20:06:38.213096 #8713] DEBUG -- : {
  "description": "A request for inquiry stock information about a product",
  "providerState": "i get false",
  "request": {
    "method": "POST",
    "path": "/api/v1/stocks/availability",
    "headers": {
      "Accept": "application/json",
      "Content-Type": "application/json"
    },
    "body": {
      "product_id": {
        "json_class": "Pact::SomethingLike",
        "contents": "4550d706-1c7b-461f-9d02-d580352e3048"
      },
      "quantity": {
        "json_class": "Pact::SomethingLike",
        "contents": 107
      }
    }
  },
  "response": {
    "status": 200,
    "headers": {
      "Content-Type": "application/json"
    },
    "body": {
      "is_available": false
    }
  },
  "metadata": null
}
I, [2023-06-26T20:06:38.213997 #8713]  INFO -- : Received request POST /api/v1/stocks/availability
D, [2023-06-26T20:06:38.214048 #8713] DEBUG -- : {
  "path": "/api/v1/stocks/availability",
  "query": "",
  "method": "post",
  "body": {
    "product_id": "4550d706-1c7b-461f-9d02-d580352e3048",
    "quantity": 107
  },
  "headers": {
    "Content-Length": "68",
    "Content-Type": "application/json",
    "Host": "localhost:65411",
    "User-Agent": "Go-http-client/1.1",
    "Accept": "application/json",
    "Accept-Encoding": "gzip",
    "Version": "HTTP/1.1"
  }
}
I, [2023-06-26T20:06:38.214126 #8713]  INFO -- : Found matching response for POST /api/v1/stocks/availability
D, [2023-06-26T20:06:38.214148 #8713] DEBUG -- : {
  "status": 200,
  "headers": {
    "Content-Type": "application/json"
  },
  "body": {
    "is_available": false
  }
}
I, [2023-06-26T20:06:38.214521 #8713]  INFO -- : Verifying - interactions matched
I, [2023-06-26T20:06:38.214848 #8713]  INFO -- : Cleared interactions
I, [2023-06-26T20:06:38.215824 #8713]  INFO -- : Registered expected interaction POST /api/v1/stocks/availability
D, [2023-06-26T20:06:38.216295 #8713] DEBUG -- : {
  "description": "A request for inquiry stock information about a product",
  "providerState": "i get no stock information found error if no stock information found for given product id",
  "request": {
    "method": "POST",
    "path": "/api/v1/stocks/availability",
    "headers": {
      "Accept": "application/json",
      "Content-Type": "application/json"
    },
    "body": {
      "product_id": {
        "json_class": "Pact::SomethingLike",
        "contents": "cb46db11-cb22-46ae-8147-4a84830ddfe9"
      },
      "quantity": {
        "json_class": "Pact::SomethingLike",
        "contents": 135
      }
    }
  },
  "response": {
    "status": 400,
    "headers": {
      "Content-Type": "application/json"
    },
    "body": {
      "code": 30001,
      "message": "No stock information found for given product id."
    }
  },
  "metadata": null
}
I, [2023-06-26T20:06:38.217199 #8713]  INFO -- : Received request POST /api/v1/stocks/availability
D, [2023-06-26T20:06:38.217652 #8713] DEBUG -- : {
  "path": "/api/v1/stocks/availability",
  "query": "",
  "method": "post",
  "body": {
    "product_id": "cb46db11-cb22-46ae-8147-4a84830ddfe9",
    "quantity": 135
  },
  "headers": {
    "Content-Length": "68",
    "Content-Type": "application/json",
    "Host": "localhost:65411",
    "User-Agent": "Go-http-client/1.1",
    "Accept": "application/json",
    "Accept-Encoding": "gzip",
    "Version": "HTTP/1.1"
  }
}
I, [2023-06-26T20:06:38.217715 #8713]  INFO -- : Found matching response for POST /api/v1/stocks/availability
D, [2023-06-26T20:06:38.217737 #8713] DEBUG -- : {
  "status": 400,
  "headers": {
    "Content-Type": "application/json"
  },
  "body": {
    "code": 30001,
    "message": "No stock information found for given product id."
  }
}
I, [2023-06-26T20:06:38.218481 #8713]  INFO -- : Cleared interactions
I, [2023-06-26T20:06:38.219851 #8713]  INFO -- : Registered expected interaction POST /api/v1/stocks/availability
D, [2023-06-26T20:06:38.219898 #8713] DEBUG -- : {
  "description": "A request for inquiry stock information about a product",
  "providerState": "i get product id must be given error if product id is not given",
  "request": {
    "method": "POST",
    "path": "/api/v1/stocks/availability",
    "headers": {
      "Accept": "application/json",
      "Content-Type": "application/json"
    },
    "body": {
      "quantity": {
        "json_class": "Pact::SomethingLike",
        "contents": 185
      }
    }
  },
  "response": {
    "status": 400,
    "headers": {
      "Content-Type": "application/json"
    },
    "body": {
      "code": 30000,
      "message": "Product id must be given to stock inquiry."
    }
  },
  "metadata": null
}
I, [2023-06-26T20:06:38.221232 #8713]  INFO -- : Received request POST /api/v1/stocks/availability
D, [2023-06-26T20:06:38.222200 #8713] DEBUG -- : {
  "path": "/api/v1/stocks/availability",
  "query": "",
  "method": "post",
  "body": {
    "quantity": 185
  },
  "headers": {
    "Content-Length": "16",
    "Content-Type": "application/json",
    "Host": "localhost:65411",
    "User-Agent": "Go-http-client/1.1",
    "Accept": "application/json",
    "Accept-Encoding": "gzip",
    "Version": "HTTP/1.1"
  }
}
I, [2023-06-26T20:06:38.222632 #8713]  INFO -- : Found matching response for POST /api/v1/stocks/availability
D, [2023-06-26T20:06:38.222654 #8713] DEBUG -- : {
  "status": 400,
  "headers": {
    "Content-Type": "application/json"
  },
  "body": {
    "code": 30000,
    "message": "Product id must be given to stock inquiry."
  }
}
I, [2023-06-26T20:06:38.223430 #8713]  INFO -- : Cleared interactions
I, [2023-06-26T20:06:38.224686 #8713]  INFO -- : Registered expected interaction POST /api/v1/stocks/availability
D, [2023-06-26T20:06:38.229116 #8713] DEBUG -- : {
  "description": "A request for inquiry stock information about a product",
  "providerState": "i get quantity must be given error if quantity is not given",
  "request": {
    "method": "POST",
    "path": "/api/v1/stocks/availability",
    "headers": {
      "Accept": "application/json",
      "Content-Type": "application/json"
    },
    "body": {
      "product_id": {
        "json_class": "Pact::SomethingLike",
        "contents": "5d387629-8d75-4628-8c43-30e41d41f1ae"
      }
    }
  },
  "response": {
    "status": 400,
    "headers": {
      "Content-Type": "application/json"
    },
    "body": {
      "code": 30002,
      "message": "Quantity must be given to stock inquiry."
    }
  },
  "metadata": null
}
I, [2023-06-26T20:06:38.230133 #8713]  INFO -- : Received request POST /api/v1/stocks/availability
D, [2023-06-26T20:06:38.230258 #8713] DEBUG -- : {
  "path": "/api/v1/stocks/availability",
  "query": "",
  "method": "post",
  "body": {
    "product_id": "5d387629-8d75-4628-8c43-30e41d41f1ae"
  },
  "headers": {
    "Content-Length": "53",
    "Content-Type": "application/json",
    "Host": "localhost:65411",
    "User-Agent": "Go-http-client/1.1",
    "Accept": "application/json",
    "Accept-Encoding": "gzip",
    "Version": "HTTP/1.1"
  }
}
I, [2023-06-26T20:06:38.230322 #8713]  INFO -- : Found matching response for POST /api/v1/stocks/availability
D, [2023-06-26T20:06:38.230348 #8713] DEBUG -- : {
  "status": 400,
  "headers": {
    "Content-Type": "application/json"
  },
  "body": {
    "code": 30002,
    "message": "Quantity must be given to stock inquiry."
  }
}
I, [2023-06-26T20:06:38.230606 #8713]  INFO -- : Cleared interactions
I, [2023-06-26T20:06:38.231572 #8713]  INFO -- : Registered expected interaction POST /api/v1/stocks/availability
D, [2023-06-26T20:06:38.235243 #8713] DEBUG -- : {
  "description": "A request for inquiry stock information about a product",
  "providerState": "i get true",
  "request": {
    "method": "POST",
    "path": "/api/v1/stocks/availability",
    "headers": {
      "Accept": "application/json",
      "Content-Type": "application/json"
    },
    "body": {
      "product_id": {
        "json_class": "Pact::SomethingLike",
        "contents": "d16f7632-8a78-4b02-9b43-e8c33f7cb1c5"
      },
      "quantity": {
        "json_class": "Pact::SomethingLike",
        "contents": 155
      }
    }
  },
  "response": {
    "status": 200,
    "headers": {
      "Content-Type": "application/json"
    },
    "body": {
      "is_available": true
    }
  },
  "metadata": null
}
I, [2023-06-26T20:06:38.235664 #8713]  INFO -- : Received request POST /api/v1/stocks/availability
D, [2023-06-26T20:06:38.235719 #8713] DEBUG -- : {
  "path": "/api/v1/stocks/availability",
  "query": "",
  "method": "post",
  "body": {
    "product_id": "d16f7632-8a78-4b02-9b43-e8c33f7cb1c5",
    "quantity": 155
  },
  "headers": {
    "Content-Length": "68",
    "Content-Type": "application/json",
    "Host": "localhost:65411",
    "User-Agent": "Go-http-client/1.1",
    "Accept": "application/json",
    "Accept-Encoding": "gzip",
    "Version": "HTTP/1.1"
  }
}
I, [2023-06-26T20:06:38.235787 #8713]  INFO -- : Found matching response for POST /api/v1/stocks/availability
D, [2023-06-26T20:06:38.239773 #8713] DEBUG -- : {
  "status": 200,
  "headers": {
    "Content-Type": "application/json"
  },
  "body": {
    "is_available": true
  }
}
I, [2023-06-26T20:06:38.240054 #8713]  INFO -- : Verifying - interactions matched
I, [2023-06-26T20:06:38.240807 #8713]  INFO -- : Cleared interactions
